SF:lib\extensions\double_extensions.dart
DA:6,1
DA:7,3
DA:10,1
DA:11,2
DA:14,0
DA:15,0
LF:6
LH:4
end_of_record
SF:lib\enums\units.dart
DA:1,1
LF:1
LH:1
end_of_record
SF:lib\extensions\date_time_extensions.dart
DA:7,1
DA:8,1
DA:9,1
DA:12,1
DA:21,1
DA:22,1
DA:23,1
DA:24,1
DA:25,1
DA:26,1
DA:27,1
DA:28,1
DA:29,1
DA:33,1
DA:34,4
DA:35,2
DA:38,4
DA:40,4
DA:42,1
DA:43,1
DA:44,3
DA:48,1
DA:49,2
DA:50,2
DA:51,3
DA:52,1
DA:55,5
DA:57,1
DA:60,1
DA:61,0
DA:62,0
DA:63,0
DA:64,0
DA:65,0
DA:66,0
DA:67,0
DA:68,0
DA:70,1
DA:71,4
DA:72,3
DA:74,1
DA:75,4
DA:76,2
DA:78,1
DA:79,1
DA:80,4
DA:82,1
DA:83,4
DA:85,1
DA:86,0
DA:87,0
DA:89,1
DA:90,3
DA:92,1
DA:93,2
DA:99,1
DA:102,1
DA:103,0
DA:104,0
DA:105,0
DA:106,0
DA:107,0
DA:108,0
DA:109,0
DA:110,0
DA:112,1
DA:113,4
DA:114,3
DA:116,1
DA:117,4
DA:118,2
DA:120,1
DA:121,4
DA:122,1
DA:124,1
DA:125,1
DA:126,3
DA:128,1
DA:129,0
DA:131,0
DA:133,1
DA:134,2
DA:135,4
DA:139,3
DA:141,1
DA:142,2
DA:164,0
DA:165,0
DA:166,0
DA:170,1
DA:171,4
LF:91
LH:68
end_of_record
SF:lib\extensions\string_extensions.dart
DA:5,1
DA:6,1
DA:9,1
DA:11,1
DA:13,1
DA:19,1
DA:21,1
DA:23,2
DA:24,1
LF:9
LH:9
end_of_record
SF:lib\validators\cnpj_validator.dart
DA:21,1
DA:25,7
DA:29,2
DA:30,2
DA:31,2
DA:34,1
DA:36,2
DA:39,1
DA:40,1
DA:42,2
DA:43,7
DA:46,1
DA:47,1
DA:49,1
DA:52,1
DA:54,1
DA:58,1
DA:63,2
DA:68,3
DA:72,1
DA:73,3
DA:74,3
DA:76,4
DA:77,3
DA:80,1
DA:83,2
DA:84,4
DA:87,3
DA:88,3
DA:90,1
LF:30
LH:30
end_of_record
SF:lib\validators\cpf_validator.dart
DA:24,1
DA:26,5
DA:28,2
DA:30,1
DA:32,3
DA:33,4
DA:36,4
DA:38,2
DA:41,1
DA:42,1
DA:44,2
DA:45,6
DA:48,1
DA:49,1
DA:51,1
DA:54,1
DA:56,1
DA:60,1
DA:65,2
DA:70,3
DA:74,1
DA:75,3
DA:76,3
DA:78,4
DA:79,3
DA:82,1
DA:85,2
DA:86,4
DA:89,3
DA:90,3
DA:92,1
LF:31
LH:31
end_of_record
SF:lib\services\http\errors\http_errors.dart
DA:3,1
LF:1
LH:1
end_of_record
SF:lib\services\http\external\http_adapter.dart
DA:13,1
DA:15,1
DA:17,1
DA:21,1
DA:24,1
DA:31,1
DA:34,1
DA:41,1
DA:48,2
DA:51,1
DA:52,2
DA:53,1
DA:54,2
DA:55,1
DA:56,2
DA:60,3
DA:62,1
DA:63,0
DA:71,1
LF:19
LH:18
end_of_record
SF:lib\services\http\infraestructure\http_methods.dart
DA:3,1
LF:1
LH:1
end_of_record
SF:lib\services\http\external\http_helpers.dart
DA:6,0
DA:7,0
DA:8,0
DA:9,0
DA:14,1
DA:15,1
DA:16,1
DA:17,3
DA:19,1
DA:20,1
DA:22,1
DA:23,1
DA:24,1
DA:25,1
DA:26,1
DA:28,1
DA:30,1
DA:31,3
DA:34,1
DA:35,1
DA:37,1
DA:38,1
DA:39,1
DA:40,1
DA:41,1
DA:44,1
DA:46,1
DA:48,1
DA:50,1
DA:57,0
DA:59,0
DA:63,0
DA:64,0
DA:67,0
DA:68,0
LF:35
LH:25
end_of_record
SF:lib\formatters\cep_input_formatter.dart
DA:10,1
DA:13,2
DA:14,2
DA:16,2
DA:21,1
DA:23,1
DA:24,4
DA:25,3
DA:27,1
DA:28,3
DA:31,1
DA:32,1
DA:33,1
LF:13
LH:13
end_of_record
SF:lib\formatters\cnpj_input_formatter.dart
DA:10,1
DA:13,1
DA:16,2
DA:17,2
DA:19,2
DA:24,1
DA:26,1
DA:27,4
DA:28,3
DA:30,1
DA:31,4
DA:32,3
DA:34,1
DA:35,4
DA:36,3
DA:38,1
DA:39,4
DA:40,3
DA:42,1
DA:43,3
DA:46,1
DA:47,1
DA:48,1
LF:23
LH:23
end_of_record
SF:lib\formatters\compound_formatters\compound_formatter.dart
DA:11,1
DA:12,1
DA:13,2
DA:15,1
DA:20,3
DA:21,2
DA:22,1
DA:23,1
DA:24,0
DA:25,0
DA:27,1
LF:11
LH:9
end_of_record
SF:lib\formatters\compound_formatters\cpf_ou_cpnj_formatter.dart
DA:8,1
DA:9,2
DA:10,1
DA:11,1
LF:4
LH:4
end_of_record
SF:lib\formatters\cpf_input_formatter.dart
DA:10,1
DA:13,1
DA:16,2
DA:17,2
DA:19,2
DA:24,1
DA:26,1
DA:27,4
DA:28,3
DA:30,1
DA:31,4
DA:32,3
DA:34,1
DA:35,4
DA:36,3
DA:38,1
DA:39,3
DA:42,1
DA:43,1
DA:44,1
LF:20
LH:20
end_of_record
SF:lib\formatters\real_input_formatter.dart
DA:9,1
DA:17,1
DA:20,2
DA:21,2
DA:23,2
DA:28,1
DA:29,1
DA:30,1
DA:32,1
DA:33,0
DA:34,0
DA:35,0
DA:38,1
DA:39,4
DA:40,1
DA:41,2
DA:44,0
DA:45,0
DA:46,0
DA:47,0
DA:50,0
DA:51,0
DA:52,0
DA:53,0
DA:54,0
DA:55,0
DA:58,0
DA:59,0
DA:60,0
DA:61,0
DA:62,0
DA:63,0
DA:66,0
DA:67,0
DA:68,0
DA:69,0
DA:70,0
DA:71,0
DA:74,0
DA:75,0
DA:76,0
DA:77,0
DA:78,0
DA:79,0
DA:80,0
DA:81,0
DA:84,0
DA:85,0
DA:86,0
DA:87,0
DA:88,0
DA:89,0
DA:90,0
DA:91,0
DA:94,0
DA:95,0
DA:96,0
DA:97,0
DA:98,0
DA:99,0
DA:100,0
DA:101,0
DA:104,0
DA:105,0
DA:106,0
DA:107,0
DA:108,0
DA:109,0
DA:110,0
DA:111,0
DA:112,0
DA:113,0
DA:116,0
DA:117,0
DA:118,0
DA:119,0
DA:120,0
DA:121,0
DA:122,0
DA:123,0
DA:124,0
DA:125,0
DA:128,0
DA:129,0
DA:130,0
DA:131,0
DA:132,0
DA:133,0
DA:134,0
DA:135,0
DA:136,0
DA:137,0
DA:143,1
DA:144,4
DA:145,1
DA:146,2
DA:150,0
DA:151,0
DA:152,0
DA:153,0
DA:156,0
DA:157,0
DA:158,0
DA:159,0
DA:162,0
DA:163,0
DA:164,0
DA:165,0
DA:166,0
DA:167,0
DA:171,0
DA:172,0
DA:173,0
DA:174,0
DA:175,0
DA:176,0
DA:179,0
DA:180,0
DA:181,0
DA:182,0
DA:183,0
DA:184,0
DA:187,0
DA:188,0
DA:189,0
DA:190,0
DA:191,0
DA:192,0
DA:193,0
DA:194,0
DA:197,0
DA:198,0
DA:199,0
DA:200,0
DA:201,0
DA:202,0
DA:203,0
DA:204,0
DA:207,0
DA:208,0
DA:209,0
DA:210,0
DA:211,0
DA:212,0
DA:213,0
DA:214,0
DA:220,1
DA:221,3
DA:224,1
DA:225,1
DA:226,1
LF:151
LH:22
end_of_record
SF:lib\formatters\telefone_input_formatter.dart
DA:9,1
DA:11,1
DA:14,2
DA:16,2
DA:19,1
DA:20,4
DA:26,1
DA:32,1
DA:34,1
DA:35,1
DA:36,3
DA:39,1
DA:40,4
DA:41,3
DA:44,3
DA:45,1
DA:46,4
DA:47,3
DA:50,1
DA:51,4
DA:52,3
DA:56,1
DA:57,3
DA:60,1
DA:61,1
DA:62,1
LF:26
LH:26
end_of_record
